/*C2*/SET SCHEMA PUBLIC
DELETE FROM "mendixsystem$version" WHERE "versionnumber"='4.2'
INSERT INTO "mendixsystem$version" VALUES('4.2','2017-07-13 16:47:58.932000','3.0.0','unversioned','D3SampleApp')
COMMIT
DELETE FROM "system$userrole" WHERE "id"=2251799813685249
INSERT INTO "system$userrole" VALUES(2251799813685249,'8dd52bfa-6d7e-453b-b506-303c0a3d9567','','Administrator')
DELETE FROM "system$userrole" WHERE "id"=2251799813685250
INSERT INTO "system$userrole" VALUES(2251799813685250,'53f5d6fa-6da9-4a71-b011-454ec052cce8','','User')
COMMIT
DELETE FROM "mendixsystem$properties" WHERE "key"='Mendix.Runtime.DeploymentID'
INSERT INTO "mendixsystem$properties" VALUES('Mendix.Runtime.DeploymentID','636358971978402001')
COMMIT
/*C3*/SET SCHEMA PUBLIC
DELETE FROM "system$session" WHERE "id"=6192449487640433
DELETE FROM "system$session_user" WHERE "system$sessionid"=6192449487640433 AND "system$userid"=281474976716657
COMMIT
DELETE FROM "mendixsystem$entityidentifier" WHERE "id"='d4154981-8dac-4150-aec5-efa3ef62a7a2'
INSERT INTO "mendixsystem$entityidentifier" VALUES('d4154981-8dac-4150-aec5-efa3ef62a7a2',2,6201)
COMMIT
/*C2*/INSERT INTO "system$xasinstance" VALUES(562949953427413,'eb930039-649c-4c8f-9579-e8872a44ab71','2017-07-17 08:36:43.448000','2017-07-17 08:36:43.434000',NULL,NULL,NULL)
COMMIT
/*C3*/DELETE FROM "mendixsystem$entityidentifier" WHERE "id"='282e2e60-88a5-469d-84a5-ba8d9151644f'
INSERT INTO "mendixsystem$entityidentifier" VALUES('282e2e60-88a5-469d-84a5-ba8d9151644f',1,6201)
COMMIT
INSERT INTO "system$user" VALUES(281474976716757,'2017-07-17 08:36:45.637000',TRUE,'2017-07-17 08:36:45.637000','2017-07-17 08:36:45.720000',FALSE,TRUE,0,FALSE,'Anonymous_4a472cb0-cd32-4540-be0d-190b0d06b2bb','{BCrypt}$2a$10$h3j8wGJ8toEEPFszuwhrn.T5MXDjuo6PGGZnnL1R8Qy9zi1pBEKp6','System.User',NULL,281474976716757)
INSERT INTO "system$userroles" VALUES(281474976716757,2251799813685249)
INSERT INTO "system$user_language" VALUES(281474976716757,7036874417766401)
COMMIT
DELETE FROM "system$user" WHERE "id"=281474976716757
INSERT INTO "system$user" VALUES(281474976716757,'2017-07-17 08:36:45.637000',TRUE,'2017-07-17 08:36:45.637000','2017-07-17 08:36:45.729000',FALSE,TRUE,0,FALSE,'Anonymous_4a472cb0-cd32-4540-be0d-190b0d06b2bb','{BCrypt}$2a$10$h3j8wGJ8toEEPFszuwhrn.T5MXDjuo6PGGZnnL1R8Qy9zi1pBEKp6','System.User',NULL,281474976716757)
COMMIT
/*C4*/SET SCHEMA PUBLIC
DELETE FROM "mendixsystem$entityidentifier" WHERE "id"='37f9fd49-5318-4c63-9a51-f761779b202f'
INSERT INTO "mendixsystem$entityidentifier" VALUES('37f9fd49-5318-4c63-9a51-f761779b202f',22,6201)
COMMIT
INSERT INTO "system$session" VALUES(6192449487640533,'90b84501-a950-45d7-9983-d302088dc78c','2017-07-17 08:36:45.744000','9a48b6e6-13a0-41e3-831c-524a86f9400a','2017-07-17 08:36:45.745000','6bb26806-7a76-40d9-aa1d-ca0febf33efc')
INSERT INTO "system$session_user" VALUES(6192449487640533,281474976716757)
COMMIT
DELETE FROM "mendixsystem$entityidentifier" WHERE "id"='b73e06e2-8c9c-4301-b1ca-b9ae3b1325e0'
INSERT INTO "mendixsystem$entityidentifier" VALUES('b73e06e2-8c9c-4301-b1ca-b9ae3b1325e0',17,6101)
COMMIT
DELETE FROM "mendixsystem$entityidentifier" WHERE "id"='f0ab64be-f076-47d1-a528-8ff5abbe355a'
INSERT INTO "mendixsystem$entityidentifier" VALUES('f0ab64be-f076-47d1-a528-8ff5abbe355a',19,6701)
COMMIT
/*C3*/DELETE FROM "myfirstmodule$generatevalues" WHERE "id"=5348024557509019
DELETE FROM "myfirstmodule$generatevalues" WHERE "id"=5348024557509020
DELETE FROM "myfirstmodule$generatevalues" WHERE "id"=5348024557509021
DELETE FROM "myfirstmodule$generatevalues" WHERE "id"=5348024557509022
DELETE FROM "myfirstmodule$generatevalues" WHERE "id"=5348024557509023
DELETE FROM "myfirstmodule$generatevalues" WHERE "id"=5348024557509024
DELETE FROM "myfirstmodule$generatevalues" WHERE "id"=5348024557509025
DELETE FROM "myfirstmodule$generatevalues" WHERE "id"=5348024557509026
DELETE FROM "myfirstmodule$generatevalues" WHERE "id"=5348024557509027
DELETE FROM "myfirstmodule$generatevalues" WHERE "id"=5348024557509028
INSERT INTO "myfirstmodule$generatevalues" VALUES(5348024557509065,'10','80','Area1')
INSERT INTO "myfirstmodule$generatevalues" VALUES(5348024557509066,'20','65','Bar1')
INSERT INTO "myfirstmodule$generatevalues" VALUES(5348024557509067,'30','34','Bar3')
INSERT INTO "myfirstmodule$generatevalues" VALUES(5348024557509068,'40','48','Bar4')
INSERT INTO "myfirstmodule$generatevalues" VALUES(5348024557509069,'50','60','Bar5')
INSERT INTO "myfirstmodule$generatevalues" VALUES(5348024557509070,'60','24','Bar6')
INSERT INTO "myfirstmodule$generatevalues" VALUES(5348024557509071,'70','80','Bar7')
INSERT INTO "myfirstmodule$generatevalues" VALUES(5348024557509072,'80','90','Bar7')
INSERT INTO "myfirstmodule$generatevalues" VALUES(5348024557509073,'90','16','Bar8')
INSERT INTO "myfirstmodule$generatevalues" VALUES(5348024557509074,'100','30','Bar9')
COMMIT
/*C4*/DELETE FROM "myfirstmodule$generatevalues" WHERE "id"=5348024557509065
DELETE FROM "myfirstmodule$generatevalues" WHERE "id"=5348024557509066
DELETE FROM "myfirstmodule$generatevalues" WHERE "id"=5348024557509067
DELETE FROM "myfirstmodule$generatevalues" WHERE "id"=5348024557509068
DELETE FROM "myfirstmodule$generatevalues" WHERE "id"=5348024557509069
DELETE FROM "myfirstmodule$generatevalues" WHERE "id"=5348024557509070
DELETE FROM "myfirstmodule$generatevalues" WHERE "id"=5348024557509071
DELETE FROM "myfirstmodule$generatevalues" WHERE "id"=5348024557509072
DELETE FROM "myfirstmodule$generatevalues" WHERE "id"=5348024557509073
DELETE FROM "myfirstmodule$generatevalues" WHERE "id"=5348024557509074
INSERT INTO "myfirstmodule$generatevalues" VALUES(5348024557509075,'10','80','Area1')
INSERT INTO "myfirstmodule$generatevalues" VALUES(5348024557509076,'20','65','Bar1')
INSERT INTO "myfirstmodule$generatevalues" VALUES(5348024557509077,'30','34','Bar3')
INSERT INTO "myfirstmodule$generatevalues" VALUES(5348024557509078,'40','48','Bar4')
INSERT INTO "myfirstmodule$generatevalues" VALUES(5348024557509079,'50','60','Bar5')
INSERT INTO "myfirstmodule$generatevalues" VALUES(5348024557509080,'60','24','Bar6')
INSERT INTO "myfirstmodule$generatevalues" VALUES(5348024557509081,'70','80','Bar7')
INSERT INTO "myfirstmodule$generatevalues" VALUES(5348024557509082,'80','90','Bar7')
INSERT INTO "myfirstmodule$generatevalues" VALUES(5348024557509083,'90','16','Bar8')
INSERT INTO "myfirstmodule$generatevalues" VALUES(5348024557509084,'100','30','Bar9')
COMMIT
/*C2*/DELETE FROM "myfirstmodule$generatevalues" WHERE "id"=5348024557509075
DELETE FROM "myfirstmodule$generatevalues" WHERE "id"=5348024557509076
DELETE FROM "myfirstmodule$generatevalues" WHERE "id"=5348024557509077
DELETE FROM "myfirstmodule$generatevalues" WHERE "id"=5348024557509078
DELETE FROM "myfirstmodule$generatevalues" WHERE "id"=5348024557509079
DELETE FROM "myfirstmodule$generatevalues" WHERE "id"=5348024557509080
DELETE FROM "myfirstmodule$generatevalues" WHERE "id"=5348024557509081
DELETE FROM "myfirstmodule$generatevalues" WHERE "id"=5348024557509082
DELETE FROM "myfirstmodule$generatevalues" WHERE "id"=5348024557509083
DELETE FROM "myfirstmodule$generatevalues" WHERE "id"=5348024557509084
INSERT INTO "myfirstmodule$generatevalues" VALUES(5348024557509085,'10','80','Area1')
INSERT INTO "myfirstmodule$generatevalues" VALUES(5348024557509086,'20','65','Bar1')
INSERT INTO "myfirstmodule$generatevalues" VALUES(5348024557509087,'30','34','Bar3')
INSERT INTO "myfirstmodule$generatevalues" VALUES(5348024557509088,'40','48','Bar4')
INSERT INTO "myfirstmodule$generatevalues" VALUES(5348024557509089,'50','60','Bar5')
INSERT INTO "myfirstmodule$generatevalues" VALUES(5348024557509090,'60','24','Bar6')
INSERT INTO "myfirstmodule$generatevalues" VALUES(5348024557509091,'70','80','Bar7')
INSERT INTO "myfirstmodule$generatevalues" VALUES(5348024557509092,'80','90','Bar7')
INSERT INTO "myfirstmodule$generatevalues" VALUES(5348024557509093,'90','16','Bar8')
INSERT INTO "myfirstmodule$generatevalues" VALUES(5348024557509094,'100','30','Bar9')
COMMIT
DELETE FROM "myfirstmodule$generatevalues" WHERE "id"=5348024557509085
DELETE FROM "myfirstmodule$generatevalues" WHERE "id"=5348024557509086
DELETE FROM "myfirstmodule$generatevalues" WHERE "id"=5348024557509087
DELETE FROM "myfirstmodule$generatevalues" WHERE "id"=5348024557509088
DELETE FROM "myfirstmodule$generatevalues" WHERE "id"=5348024557509089
DELETE FROM "myfirstmodule$generatevalues" WHERE "id"=5348024557509090
DELETE FROM "myfirstmodule$generatevalues" WHERE "id"=5348024557509091
DELETE FROM "myfirstmodule$generatevalues" WHERE "id"=5348024557509092
DELETE FROM "myfirstmodule$generatevalues" WHERE "id"=5348024557509093
DELETE FROM "myfirstmodule$generatevalues" WHERE "id"=5348024557509094
INSERT INTO "myfirstmodule$generatevalues" VALUES(5348024557509095,'10','80','Area1')
INSERT INTO "myfirstmodule$generatevalues" VALUES(5348024557509096,'20','65','Bar1')
INSERT INTO "myfirstmodule$generatevalues" VALUES(5348024557509097,'30','34','Bar3')
INSERT INTO "myfirstmodule$generatevalues" VALUES(5348024557509098,'40','48','Bar4')
INSERT INTO "myfirstmodule$generatevalues" VALUES(5348024557509099,'50','60','Bar5')
INSERT INTO "myfirstmodule$generatevalues" VALUES(5348024557509100,'60','24','Bar6')
INSERT INTO "myfirstmodule$generatevalues" VALUES(5348024557509101,'70','80','Bar7')
INSERT INTO "myfirstmodule$generatevalues" VALUES(5348024557509102,'80','90','Bar7')
INSERT INTO "myfirstmodule$generatevalues" VALUES(5348024557509103,'90','16','Bar8')
INSERT INTO "myfirstmodule$generatevalues" VALUES(5348024557509104,'100','30','Bar9')
COMMIT
DELETE FROM "myfirstmodule$generatevalues" WHERE "id"=5348024557509095
DELETE FROM "myfirstmodule$generatevalues" WHERE "id"=5348024557509096
DELETE FROM "myfirstmodule$generatevalues" WHERE "id"=5348024557509097
DELETE FROM "myfirstmodule$generatevalues" WHERE "id"=5348024557509098
DELETE FROM "myfirstmodule$generatevalues" WHERE "id"=5348024557509099
DELETE FROM "myfirstmodule$generatevalues" WHERE "id"=5348024557509100
DELETE FROM "myfirstmodule$generatevalues" WHERE "id"=5348024557509101
DELETE FROM "myfirstmodule$generatevalues" WHERE "id"=5348024557509102
DELETE FROM "myfirstmodule$generatevalues" WHERE "id"=5348024557509103
DELETE FROM "myfirstmodule$generatevalues" WHERE "id"=5348024557509104
INSERT INTO "myfirstmodule$generatevalues" VALUES(5348024557509105,'10','80','Area1')
INSERT INTO "myfirstmodule$generatevalues" VALUES(5348024557509106,'20','65','Bar1')
INSERT INTO "myfirstmodule$generatevalues" VALUES(5348024557509107,'30','34','Bar3')
INSERT INTO "myfirstmodule$generatevalues" VALUES(5348024557509108,'40','48','Bar4')
INSERT INTO "myfirstmodule$generatevalues" VALUES(5348024557509109,'50','60','Bar5')
INSERT INTO "myfirstmodule$generatevalues" VALUES(5348024557509110,'60','24','Bar6')
INSERT INTO "myfirstmodule$generatevalues" VALUES(5348024557509111,'70','80','Bar7')
INSERT INTO "myfirstmodule$generatevalues" VALUES(5348024557509112,'80','90','Bar7')
INSERT INTO "myfirstmodule$generatevalues" VALUES(5348024557509113,'90','16','Bar8')
INSERT INTO "myfirstmodule$generatevalues" VALUES(5348024557509114,'100','30','Bar9')
COMMIT
/*C3*/DELETE FROM "myfirstmodule$generatevalues" WHERE "id"=5348024557509105
DELETE FROM "myfirstmodule$generatevalues" WHERE "id"=5348024557509106
DELETE FROM "myfirstmodule$generatevalues" WHERE "id"=5348024557509107
DELETE FROM "myfirstmodule$generatevalues" WHERE "id"=5348024557509108
DELETE FROM "myfirstmodule$generatevalues" WHERE "id"=5348024557509109
DELETE FROM "myfirstmodule$generatevalues" WHERE "id"=5348024557509110
DELETE FROM "myfirstmodule$generatevalues" WHERE "id"=5348024557509111
DELETE FROM "myfirstmodule$generatevalues" WHERE "id"=5348024557509112
DELETE FROM "myfirstmodule$generatevalues" WHERE "id"=5348024557509113
DELETE FROM "myfirstmodule$generatevalues" WHERE "id"=5348024557509114
INSERT INTO "myfirstmodule$generatevalues" VALUES(5348024557509115,'10','80','Area1')
INSERT INTO "myfirstmodule$generatevalues" VALUES(5348024557509116,'20','65','Bar1')
INSERT INTO "myfirstmodule$generatevalues" VALUES(5348024557509117,'30','34','Bar3')
INSERT INTO "myfirstmodule$generatevalues" VALUES(5348024557509118,'40','48','Bar4')
INSERT INTO "myfirstmodule$generatevalues" VALUES(5348024557509119,'50','60','Bar5')
INSERT INTO "myfirstmodule$generatevalues" VALUES(5348024557509120,'60','24','Bar6')
INSERT INTO "myfirstmodule$generatevalues" VALUES(5348024557509121,'70','80','Bar7')
INSERT INTO "myfirstmodule$generatevalues" VALUES(5348024557509122,'80','90','Bar7')
INSERT INTO "myfirstmodule$generatevalues" VALUES(5348024557509123,'90','16','Bar8')
INSERT INTO "myfirstmodule$generatevalues" VALUES(5348024557509124,'100','30','Bar9')
COMMIT
/*C2*/DELETE FROM "myfirstmodule$generatevalues" WHERE "id"=5348024557509115
DELETE FROM "myfirstmodule$generatevalues" WHERE "id"=5348024557509116
DELETE FROM "myfirstmodule$generatevalues" WHERE "id"=5348024557509117
DELETE FROM "myfirstmodule$generatevalues" WHERE "id"=5348024557509118
DELETE FROM "myfirstmodule$generatevalues" WHERE "id"=5348024557509119
DELETE FROM "myfirstmodule$generatevalues" WHERE "id"=5348024557509120
DELETE FROM "myfirstmodule$generatevalues" WHERE "id"=5348024557509121
DELETE FROM "myfirstmodule$generatevalues" WHERE "id"=5348024557509122
DELETE FROM "myfirstmodule$generatevalues" WHERE "id"=5348024557509123
DELETE FROM "myfirstmodule$generatevalues" WHERE "id"=5348024557509124
INSERT INTO "myfirstmodule$generatevalues" VALUES(5348024557509125,'10','80','Area1')
INSERT INTO "myfirstmodule$generatevalues" VALUES(5348024557509126,'20','65','Bar1')
INSERT INTO "myfirstmodule$generatevalues" VALUES(5348024557509127,'30','34','Bar3')
INSERT INTO "myfirstmodule$generatevalues" VALUES(5348024557509128,'40','48','Bar4')
INSERT INTO "myfirstmodule$generatevalues" VALUES(5348024557509129,'50','60','Bar5')
INSERT INTO "myfirstmodule$generatevalues" VALUES(5348024557509130,'60','24','Bar6')
INSERT INTO "myfirstmodule$generatevalues" VALUES(5348024557509131,'70','80','Bar7')
INSERT INTO "myfirstmodule$generatevalues" VALUES(5348024557509132,'80','90','Bar7')
INSERT INTO "myfirstmodule$generatevalues" VALUES(5348024557509133,'90','16','Bar8')
INSERT INTO "myfirstmodule$generatevalues" VALUES(5348024557509134,'100','30','Bar9')
COMMIT
DELETE FROM "myfirstmodule$generatevalues" WHERE "id"=5348024557509125
DELETE FROM "myfirstmodule$generatevalues" WHERE "id"=5348024557509126
DELETE FROM "myfirstmodule$generatevalues" WHERE "id"=5348024557509127
DELETE FROM "myfirstmodule$generatevalues" WHERE "id"=5348024557509128
DELETE FROM "myfirstmodule$generatevalues" WHERE "id"=5348024557509129
DELETE FROM "myfirstmodule$generatevalues" WHERE "id"=5348024557509130
DELETE FROM "myfirstmodule$generatevalues" WHERE "id"=5348024557509131
DELETE FROM "myfirstmodule$generatevalues" WHERE "id"=5348024557509132
DELETE FROM "myfirstmodule$generatevalues" WHERE "id"=5348024557509133
DELETE FROM "myfirstmodule$generatevalues" WHERE "id"=5348024557509134
INSERT INTO "myfirstmodule$generatevalues" VALUES(5348024557509135,'10','80','Area1')
INSERT INTO "myfirstmodule$generatevalues" VALUES(5348024557509136,'20','65','Bar1')
INSERT INTO "myfirstmodule$generatevalues" VALUES(5348024557509137,'30','34','Bar3')
INSERT INTO "myfirstmodule$generatevalues" VALUES(5348024557509138,'40','48','Bar4')
INSERT INTO "myfirstmodule$generatevalues" VALUES(5348024557509139,'50','60','Bar5')
INSERT INTO "myfirstmodule$generatevalues" VALUES(5348024557509140,'60','24','Bar6')
INSERT INTO "myfirstmodule$generatevalues" VALUES(5348024557509141,'70','80','Bar7')
INSERT INTO "myfirstmodule$generatevalues" VALUES(5348024557509142,'80','90','Bar7')
INSERT INTO "myfirstmodule$generatevalues" VALUES(5348024557509143,'90','16','Bar8')
INSERT INTO "myfirstmodule$generatevalues" VALUES(5348024557509144,'100','30','Bar9')
COMMIT
DELETE FROM "myfirstmodule$generatevalues" WHERE "id"=5348024557509135
DELETE FROM "myfirstmodule$generatevalues" WHERE "id"=5348024557509136
DELETE FROM "myfirstmodule$generatevalues" WHERE "id"=5348024557509137
DELETE FROM "myfirstmodule$generatevalues" WHERE "id"=5348024557509138
DELETE FROM "myfirstmodule$generatevalues" WHERE "id"=5348024557509139
DELETE FROM "myfirstmodule$generatevalues" WHERE "id"=5348024557509140
DELETE FROM "myfirstmodule$generatevalues" WHERE "id"=5348024557509141
DELETE FROM "myfirstmodule$generatevalues" WHERE "id"=5348024557509142
DELETE FROM "myfirstmodule$generatevalues" WHERE "id"=5348024557509143
DELETE FROM "myfirstmodule$generatevalues" WHERE "id"=5348024557509144
INSERT INTO "myfirstmodule$generatevalues" VALUES(5348024557509145,'10','80','Area1')
INSERT INTO "myfirstmodule$generatevalues" VALUES(5348024557509146,'20','65','Bar1')
INSERT INTO "myfirstmodule$generatevalues" VALUES(5348024557509147,'30','34','Bar3')
INSERT INTO "myfirstmodule$generatevalues" VALUES(5348024557509148,'40','48','Bar4')
INSERT INTO "myfirstmodule$generatevalues" VALUES(5348024557509149,'50','60','Bar5')
INSERT INTO "myfirstmodule$generatevalues" VALUES(5348024557509150,'60','24','Bar6')
INSERT INTO "myfirstmodule$generatevalues" VALUES(5348024557509151,'70','80','Bar7')
INSERT INTO "myfirstmodule$generatevalues" VALUES(5348024557509152,'80','90','Bar7')
INSERT INTO "myfirstmodule$generatevalues" VALUES(5348024557509153,'90','16','Bar8')
INSERT INTO "myfirstmodule$generatevalues" VALUES(5348024557509154,'100','30','Bar9')
COMMIT
/*C4*/DELETE FROM "myfirstmodule$generatevalues" WHERE "id"=5348024557509145
DELETE FROM "myfirstmodule$generatevalues" WHERE "id"=5348024557509146
DELETE FROM "myfirstmodule$generatevalues" WHERE "id"=5348024557509147
DELETE FROM "myfirstmodule$generatevalues" WHERE "id"=5348024557509148
DELETE FROM "myfirstmodule$generatevalues" WHERE "id"=5348024557509149
DELETE FROM "myfirstmodule$generatevalues" WHERE "id"=5348024557509150
DELETE FROM "myfirstmodule$generatevalues" WHERE "id"=5348024557509151
DELETE FROM "myfirstmodule$generatevalues" WHERE "id"=5348024557509152
DELETE FROM "myfirstmodule$generatevalues" WHERE "id"=5348024557509153
DELETE FROM "myfirstmodule$generatevalues" WHERE "id"=5348024557509154
INSERT INTO "myfirstmodule$generatevalues" VALUES(5348024557509155,'10','80','Area1')
INSERT INTO "myfirstmodule$generatevalues" VALUES(5348024557509156,'20','65','Bar1')
INSERT INTO "myfirstmodule$generatevalues" VALUES(5348024557509157,'30','34','Bar3')
INSERT INTO "myfirstmodule$generatevalues" VALUES(5348024557509158,'40','48','Bar4')
INSERT INTO "myfirstmodule$generatevalues" VALUES(5348024557509159,'50','60','Bar5')
INSERT INTO "myfirstmodule$generatevalues" VALUES(5348024557509160,'60','24','Bar6')
INSERT INTO "myfirstmodule$generatevalues" VALUES(5348024557509161,'70','80','Bar7')
INSERT INTO "myfirstmodule$generatevalues" VALUES(5348024557509162,'80','90','Bar7')
INSERT INTO "myfirstmodule$generatevalues" VALUES(5348024557509163,'90','16','Bar8')
INSERT INTO "myfirstmodule$generatevalues" VALUES(5348024557509164,'100','30','Bar9')
COMMIT
/*C3*/DELETE FROM "mendixsystem$entityidentifier" WHERE "id"='f0ab64be-f076-47d1-a528-8ff5abbe355a'
INSERT INTO "mendixsystem$entityidentifier" VALUES('f0ab64be-f076-47d1-a528-8ff5abbe355a',19,6801)
COMMIT
/*C2*/DELETE FROM "myfirstmodule$generatevalues" WHERE "id"=5348024557509155
DELETE FROM "myfirstmodule$generatevalues" WHERE "id"=5348024557509156
DELETE FROM "myfirstmodule$generatevalues" WHERE "id"=5348024557509157
DELETE FROM "myfirstmodule$generatevalues" WHERE "id"=5348024557509158
DELETE FROM "myfirstmodule$generatevalues" WHERE "id"=5348024557509159
DELETE FROM "myfirstmodule$generatevalues" WHERE "id"=5348024557509160
DELETE FROM "myfirstmodule$generatevalues" WHERE "id"=5348024557509161
DELETE FROM "myfirstmodule$generatevalues" WHERE "id"=5348024557509162
DELETE FROM "myfirstmodule$generatevalues" WHERE "id"=5348024557509163
DELETE FROM "myfirstmodule$generatevalues" WHERE "id"=5348024557509164
INSERT INTO "myfirstmodule$generatevalues" VALUES(5348024557509165,'10','80','Area1')
INSERT INTO "myfirstmodule$generatevalues" VALUES(5348024557509166,'20','65','Bar1')
INSERT INTO "myfirstmodule$generatevalues" VALUES(5348024557509167,'30','34','Bar3')
INSERT INTO "myfirstmodule$generatevalues" VALUES(5348024557509168,'40','48','Bar4')
INSERT INTO "myfirstmodule$generatevalues" VALUES(5348024557509169,'50','60','Bar5')
INSERT INTO "myfirstmodule$generatevalues" VALUES(5348024557509170,'60','24','Bar6')
INSERT INTO "myfirstmodule$generatevalues" VALUES(5348024557509171,'70','80','Bar7')
INSERT INTO "myfirstmodule$generatevalues" VALUES(5348024557509172,'80','90','Bar7')
INSERT INTO "myfirstmodule$generatevalues" VALUES(5348024557509173,'90','16','Bar8')
INSERT INTO "myfirstmodule$generatevalues" VALUES(5348024557509174,'100','30','Bar9')
COMMIT
DELETE FROM "myfirstmodule$generatevalues" WHERE "id"=5348024557509165
DELETE FROM "myfirstmodule$generatevalues" WHERE "id"=5348024557509166
DELETE FROM "myfirstmodule$generatevalues" WHERE "id"=5348024557509167
DELETE FROM "myfirstmodule$generatevalues" WHERE "id"=5348024557509168
DELETE FROM "myfirstmodule$generatevalues" WHERE "id"=5348024557509169
DELETE FROM "myfirstmodule$generatevalues" WHERE "id"=5348024557509170
DELETE FROM "myfirstmodule$generatevalues" WHERE "id"=5348024557509171
DELETE FROM "myfirstmodule$generatevalues" WHERE "id"=5348024557509172
DELETE FROM "myfirstmodule$generatevalues" WHERE "id"=5348024557509173
DELETE FROM "myfirstmodule$generatevalues" WHERE "id"=5348024557509174
INSERT INTO "myfirstmodule$generatevalues" VALUES(5348024557509175,'10','80','Area1')
INSERT INTO "myfirstmodule$generatevalues" VALUES(5348024557509176,'20','65','Bar1')
INSERT INTO "myfirstmodule$generatevalues" VALUES(5348024557509177,'30','34','Bar3')
INSERT INTO "myfirstmodule$generatevalues" VALUES(5348024557509178,'40','48','Bar4')
INSERT INTO "myfirstmodule$generatevalues" VALUES(5348024557509179,'50','60','Bar5')
INSERT INTO "myfirstmodule$generatevalues" VALUES(5348024557509180,'60','24','Bar6')
INSERT INTO "myfirstmodule$generatevalues" VALUES(5348024557509181,'70','80','Bar7')
INSERT INTO "myfirstmodule$generatevalues" VALUES(5348024557509182,'80','90','Bar7')
INSERT INTO "myfirstmodule$generatevalues" VALUES(5348024557509183,'90','16','Bar8')
INSERT INTO "myfirstmodule$generatevalues" VALUES(5348024557509184,'100','30','Bar9')
COMMIT
DELETE FROM "myfirstmodule$generatevalues" WHERE "id"=5348024557509175
DELETE FROM "myfirstmodule$generatevalues" WHERE "id"=5348024557509176
DELETE FROM "myfirstmodule$generatevalues" WHERE "id"=5348024557509177
DELETE FROM "myfirstmodule$generatevalues" WHERE "id"=5348024557509178
DELETE FROM "myfirstmodule$generatevalues" WHERE "id"=5348024557509179
DELETE FROM "myfirstmodule$generatevalues" WHERE "id"=5348024557509180
DELETE FROM "myfirstmodule$generatevalues" WHERE "id"=5348024557509181
DELETE FROM "myfirstmodule$generatevalues" WHERE "id"=5348024557509182
DELETE FROM "myfirstmodule$generatevalues" WHERE "id"=5348024557509183
DELETE FROM "myfirstmodule$generatevalues" WHERE "id"=5348024557509184
INSERT INTO "myfirstmodule$generatevalues" VALUES(5348024557509185,'10','80','Area1')
INSERT INTO "myfirstmodule$generatevalues" VALUES(5348024557509186,'20','65','Bar1')
INSERT INTO "myfirstmodule$generatevalues" VALUES(5348024557509187,'30','34','Bar3')
INSERT INTO "myfirstmodule$generatevalues" VALUES(5348024557509188,'40','48','Bar4')
INSERT INTO "myfirstmodule$generatevalues" VALUES(5348024557509189,'50','60','Bar5')
INSERT INTO "myfirstmodule$generatevalues" VALUES(5348024557509190,'60','24','Bar6')
INSERT INTO "myfirstmodule$generatevalues" VALUES(5348024557509191,'70','80','Bar7')
INSERT INTO "myfirstmodule$generatevalues" VALUES(5348024557509192,'80','90','Bar7')
INSERT INTO "myfirstmodule$generatevalues" VALUES(5348024557509193,'90','16','Bar8')
INSERT INTO "myfirstmodule$generatevalues" VALUES(5348024557509194,'100','30','Bar9')
COMMIT
DELETE FROM "myfirstmodule$generatevalues" WHERE "id"=5348024557509185
DELETE FROM "myfirstmodule$generatevalues" WHERE "id"=5348024557509186
DELETE FROM "myfirstmodule$generatevalues" WHERE "id"=5348024557509187
DELETE FROM "myfirstmodule$generatevalues" WHERE "id"=5348024557509188
DELETE FROM "myfirstmodule$generatevalues" WHERE "id"=5348024557509189
DELETE FROM "myfirstmodule$generatevalues" WHERE "id"=5348024557509190
DELETE FROM "myfirstmodule$generatevalues" WHERE "id"=5348024557509191
DELETE FROM "myfirstmodule$generatevalues" WHERE "id"=5348024557509192
DELETE FROM "myfirstmodule$generatevalues" WHERE "id"=5348024557509193
DELETE FROM "myfirstmodule$generatevalues" WHERE "id"=5348024557509194
INSERT INTO "myfirstmodule$generatevalues" VALUES(5348024557509195,'10','80','Area1')
INSERT INTO "myfirstmodule$generatevalues" VALUES(5348024557509196,'20','65','Bar1')
INSERT INTO "myfirstmodule$generatevalues" VALUES(5348024557509197,'30','34','Bar3')
INSERT INTO "myfirstmodule$generatevalues" VALUES(5348024557509198,'40','48','Bar4')
INSERT INTO "myfirstmodule$generatevalues" VALUES(5348024557509199,'50','60','Bar5')
INSERT INTO "myfirstmodule$generatevalues" VALUES(5348024557509200,'60','24','Bar6')
INSERT INTO "myfirstmodule$generatevalues" VALUES(5348024557509201,'70','80','Bar7')
INSERT INTO "myfirstmodule$generatevalues" VALUES(5348024557509202,'80','90','Bar7')
INSERT INTO "myfirstmodule$generatevalues" VALUES(5348024557509203,'90','16','Bar8')
INSERT INTO "myfirstmodule$generatevalues" VALUES(5348024557509204,'100','30','Bar9')
COMMIT
DELETE FROM "myfirstmodule$generatevalues" WHERE "id"=5348024557509195
DELETE FROM "myfirstmodule$generatevalues" WHERE "id"=5348024557509196
DELETE FROM "myfirstmodule$generatevalues" WHERE "id"=5348024557509197
DELETE FROM "myfirstmodule$generatevalues" WHERE "id"=5348024557509198
DELETE FROM "myfirstmodule$generatevalues" WHERE "id"=5348024557509199
DELETE FROM "myfirstmodule$generatevalues" WHERE "id"=5348024557509200
DELETE FROM "myfirstmodule$generatevalues" WHERE "id"=5348024557509201
DELETE FROM "myfirstmodule$generatevalues" WHERE "id"=5348024557509202
DELETE FROM "myfirstmodule$generatevalues" WHERE "id"=5348024557509203
DELETE FROM "myfirstmodule$generatevalues" WHERE "id"=5348024557509204
INSERT INTO "myfirstmodule$generatevalues" VALUES(5348024557509205,'60','75','Apple')
INSERT INTO "myfirstmodule$generatevalues" VALUES(5348024557509206,'80','40','Grape')
INSERT INTO "myfirstmodule$generatevalues" VALUES(5348024557509207,'60','20','Mango')
INSERT INTO "myfirstmodule$generatevalues" VALUES(5348024557509208,'60','45','Cherry')
INSERT INTO "myfirstmodule$generatevalues" VALUES(5348024557509209,'60','65','WaterMelon')
INSERT INTO "myfirstmodule$generatevalues" VALUES(5348024557509210,'60','89','Kiwi')
INSERT INTO "myfirstmodule$generatevalues" VALUES(5348024557509211,'60','12','Pineapple')
INSERT INTO "myfirstmodule$generatevalues" VALUES(5348024557509212,'60','36','Pear')
INSERT INTO "myfirstmodule$generatevalues" VALUES(5348024557509213,'60','41','Lemon')
COMMIT
/*C3*/DELETE FROM "myfirstmodule$generatevalues" WHERE "id"=5348024557509205
DELETE FROM "myfirstmodule$generatevalues" WHERE "id"=5348024557509206
DELETE FROM "myfirstmodule$generatevalues" WHERE "id"=5348024557509207
DELETE FROM "myfirstmodule$generatevalues" WHERE "id"=5348024557509208
DELETE FROM "myfirstmodule$generatevalues" WHERE "id"=5348024557509209
DELETE FROM "myfirstmodule$generatevalues" WHERE "id"=5348024557509210
DELETE FROM "myfirstmodule$generatevalues" WHERE "id"=5348024557509211
DELETE FROM "myfirstmodule$generatevalues" WHERE "id"=5348024557509212
DELETE FROM "myfirstmodule$generatevalues" WHERE "id"=5348024557509213
INSERT INTO "myfirstmodule$generatevalues" VALUES(5348024557509214,'60','75','Apple')
INSERT INTO "myfirstmodule$generatevalues" VALUES(5348024557509215,'80','40','Grape')
INSERT INTO "myfirstmodule$generatevalues" VALUES(5348024557509216,'60','20','Mango')
INSERT INTO "myfirstmodule$generatevalues" VALUES(5348024557509217,'60','45','Cherry')
INSERT INTO "myfirstmodule$generatevalues" VALUES(5348024557509218,'60','65','WaterMelon')
INSERT INTO "myfirstmodule$generatevalues" VALUES(5348024557509219,'60','89','Kiwi')
INSERT INTO "myfirstmodule$generatevalues" VALUES(5348024557509220,'60','12','Pineapple')
INSERT INTO "myfirstmodule$generatevalues" VALUES(5348024557509221,'60','36','Pear')
INSERT INTO "myfirstmodule$generatevalues" VALUES(5348024557509222,'60','41','Lemon')
COMMIT
